Copyright 1986-2018 Xilinx, Inc. All Rights Reserved.
-----------------------------------------------------------------------------------------
| Tool Version : Vivado v.2018.3 (win64) Build 2405991 Thu Dec  6 23:38:27 MST 2018
| Date         : Tue Mar 12 11:54:09 2019
| Host         : HPLP-SM7ED running 64-bit major release  (build 9200)
| Command      : report_control_sets -verbose -file ZAES_wrapper_control_sets_placed.rpt
| Design       : ZAES_wrapper
| Device       : xc7z020
-----------------------------------------------------------------------------------------

Control Set Information

Table of Contents
-----------------
1. Summary
2. Histogram
3. Flip-Flop Distribution
4. Detailed Control Set Information

1. Summary
----------

+----------------------------------------------------------+-------+
|                          Status                          | Count |
+----------------------------------------------------------+-------+
| Number of unique control sets                            |   103 |
| Unused register locations in slices containing registers |   166 |
+----------------------------------------------------------+-------+


2. Histogram
------------

+--------+--------------+
| Fanout | Control Sets |
+--------+--------------+
|      1 |            1 |
|      2 |            1 |
|      4 |           11 |
|      5 |           13 |
|      6 |            3 |
|      7 |            1 |
|      8 |            7 |
|      9 |            2 |
|     10 |            1 |
|     13 |            1 |
|     14 |            2 |
|     15 |            1 |
|    16+ |           59 |
+--------+--------------+


3. Flip-Flop Distribution
-------------------------

+--------------+-----------------------+------------------------+-----------------+--------------+
| Clock Enable | Synchronous Set/Reset | Asynchronous Set/Reset | Total Registers | Total Slices |
+--------------+-----------------------+------------------------+-----------------+--------------+
| No           | No                    | No                     |             115 |           38 |
| No           | No                    | Yes                    |               0 |            0 |
| No           | Yes                   | No                     |             175 |           62 |
| Yes          | No                    | No                     |            1198 |          372 |
| Yes          | No                    | Yes                    |               0 |            0 |
| Yes          | Yes                   | No                     |              90 |           25 |
+--------------+-----------------------+------------------------+-----------------+--------------+


4. Detailed Control Set Information
-----------------------------------

+---------------------------------------------+------------------------------------------------------------------------------------------------------------------------------------------------------------+---------------------------------------------------------------------------------------------------------------------------------------------------+------------------+----------------+
|                 Clock Signal                |                                                                        Enable Signal                                                                       |                                                                  Set/Reset Signal                                                                 | Slice Load Count | Bel Load Count |
+---------------------------------------------+------------------------------------------------------------------------------------------------------------------------------------------------------------+---------------------------------------------------------------------------------------------------------------------------------------------------+------------------+----------------+
|  ZAES_i/processing_system7_0/inst/FCLK_CLK0 | ZAES_i/ps7_0_axi_periph/s00_couplers/auto_pc/inst/gen_axilite.gen_b2s_conv.axilite_b2s/WR.aw_channel_0/aw_cmd_fsm_0/m_axi_awready_1                        | ZAES_i/ps7_0_axi_periph/s00_couplers/auto_pc/inst/gen_axilite.gen_b2s_conv.axilite_b2s/WR.aw_channel_0/aw_cmd_fsm_0/m_axi_awready_0               |                1 |              1 |
|  ZAES_i/processing_system7_0/inst/FCLK_CLK0 | ZAES_i/ps7_0_axi_periph/s00_couplers/auto_pc/inst/gen_axilite.gen_b2s_conv.axilite_b2s/WR.b_channel_0/bid_fifo_0/sel                                       |                                                                                                                                                   |                1 |              2 |
|  ZAES_i/processing_system7_0/inst/FCLK_CLK0 |                                                                                                                                                            | ZAES_i/ps7_0_axi_periph/s00_couplers/auto_pc/inst/gen_axilite.gen_b2s_conv.axilite_b2s/SI_REG/aw.aw_pipe/aresetn_d_reg[0]_0                       |                2 |              4 |
|  ZAES_i/processing_system7_0/inst/FCLK_CLK0 | ZAES_i/AES_Full_0/inst/ap_NS_fsm[25]                                                                                                                       |                                                                                                                                                   |                1 |              4 |
|  ZAES_i/processing_system7_0/inst/FCLK_CLK0 |                                                                                                                                                            | ZAES_i/rst_ps7_0_100M/U0/EXT_LPF/lpf_int                                                                                                          |                2 |              4 |
|  ZAES_i/processing_system7_0/inst/FCLK_CLK0 |                                                                                                                                                            | ZAES_i/ps7_0_axi_periph/s00_couplers/auto_pc/inst/gen_axilite.gen_b2s_conv.axilite_b2s/SI_REG/ar.ar_pipe/aresetn_d_reg[1]_inv_0                   |                2 |              4 |
|  ZAES_i/processing_system7_0/inst/FCLK_CLK0 | ZAES_i/AES_Full_0/inst/tmp_74_reg_917_reg0                                                                                                                 |                                                                                                                                                   |                1 |              4 |
|  ZAES_i/processing_system7_0/inst/FCLK_CLK0 | ZAES_i/AES_Full_0/inst/grp_InvMixColumns_fu_556/E[0]                                                                                                       | ZAES_i/AES_Full_0/inst/grp_InvMixColumns_fu_556/SR[0]                                                                                             |                1 |              4 |
|  ZAES_i/processing_system7_0/inst/FCLK_CLK0 | ZAES_i/AES_Full_0/inst/ap_NS_fsm[47]                                                                                                                       |                                                                                                                                                   |                1 |              4 |
|  ZAES_i/processing_system7_0/inst/FCLK_CLK0 | ZAES_i/AES_Full_0/inst/ap_NS_fsm[2]                                                                                                                        |                                                                                                                                                   |                2 |              4 |
|  ZAES_i/processing_system7_0/inst/FCLK_CLK0 | ZAES_i/AES_Full_0/inst/ap_CS_fsm_state44                                                                                                                   |                                                                                                                                                   |                2 |              4 |
|  ZAES_i/processing_system7_0/inst/FCLK_CLK0 | ZAES_i/AES_Full_0/inst/ap_CS_fsm_state46                                                                                                                   |                                                                                                                                                   |                1 |              4 |
|  ZAES_i/processing_system7_0/inst/FCLK_CLK0 | ZAES_i/AES_Full_0/inst/grp_AddRoundKey_fu_474/ap_CS_fsm_reg[16]_2[0]                                                                                       | ZAES_i/AES_Full_0/inst/grp_AddRoundKey_fu_474/SR[0]                                                                                               |                1 |              4 |
|  ZAES_i/processing_system7_0/inst/FCLK_CLK0 | ZAES_i/AES_Full_0/inst/ap_CS_fsm_state48                                                                                                                   | ZAES_i/AES_Full_0/inst/grp_AddRoundKey_fu_474/ap_CS_fsm_reg[16]_3[0]                                                                              |                1 |              5 |
|  ZAES_i/processing_system7_0/inst/FCLK_CLK0 | ZAES_i/AES_Full_0/inst/ap_CS_fsm_state26                                                                                                                   | ZAES_i/AES_Full_0/inst/AES_Full_AES_s_axi_U/int_ap_start_reg_0[0]                                                                                 |                1 |              5 |
|  ZAES_i/processing_system7_0/inst/FCLK_CLK0 | ZAES_i/AES_Full_0/inst/ap_CS_fsm_state3                                                                                                                    | ZAES_i/AES_Full_0/inst/AES_Full_AES_s_axi_U/int_cipher_or_i_cipher_reg[0]_0[0]                                                                    |                1 |              5 |
|  ZAES_i/processing_system7_0/inst/FCLK_CLK0 | ZAES_i/AES_Full_0/inst/ap_CS_fsm_state25                                                                                                                   |                                                                                                                                                   |                2 |              5 |
|  ZAES_i/processing_system7_0/inst/FCLK_CLK0 | ZAES_i/AES_Full_0/inst/ap_CS_fsm_state24                                                                                                                   | ZAES_i/AES_Full_0/inst/grp_AddRoundKey_fu_474/tmp_69_reg_851_reg[0][0]                                                                            |                1 |              5 |
|  ZAES_i/processing_system7_0/inst/FCLK_CLK0 | ZAES_i/AES_Full_0/inst/ap_CS_fsm_state2                                                                                                                    |                                                                                                                                                   |                2 |              5 |
|  ZAES_i/processing_system7_0/inst/FCLK_CLK0 | ZAES_i/AES_Full_0/inst/i_3_reg_9300                                                                                                                        |                                                                                                                                                   |                1 |              5 |
|  ZAES_i/processing_system7_0/inst/FCLK_CLK0 | ZAES_i/AES_Full_0/inst/ap_CS_fsm_state28                                                                                                                   |                                                                                                                                                   |                2 |              5 |
|  ZAES_i/processing_system7_0/inst/FCLK_CLK0 | ZAES_i/AES_Full_0/inst/i_2_reg_9120                                                                                                                        |                                                                                                                                                   |                1 |              5 |
|  ZAES_i/processing_system7_0/inst/FCLK_CLK0 | ZAES_i/ps7_0_axi_periph/s00_couplers/auto_pc/inst/gen_axilite.gen_b2s_conv.axilite_b2s/RD.r_channel_0/rd_data_fifo_0/cnt_read[4]_i_1_n_0                   | ZAES_i/ps7_0_axi_periph/s00_couplers/auto_pc/inst/gen_axilite.gen_b2s_conv.axilite_b2s/areset_d1                                                  |                2 |              5 |
|  ZAES_i/processing_system7_0/inst/FCLK_CLK0 | ZAES_i/ps7_0_axi_periph/s00_couplers/auto_pc/inst/gen_axilite.gen_b2s_conv.axilite_b2s/RD.r_channel_0/rd_data_fifo_0/E[0]                                  | ZAES_i/ps7_0_axi_periph/s00_couplers/auto_pc/inst/gen_axilite.gen_b2s_conv.axilite_b2s/areset_d1                                                  |                2 |              5 |
|  ZAES_i/processing_system7_0/inst/FCLK_CLK0 | ZAES_i/ps7_0_axi_periph/s00_couplers/auto_pc/inst/gen_axilite.gen_b2s_conv.axilite_b2s/RD.ar_channel_0/ar_cmd_fsm_0/m_valid_i_reg                          | ZAES_i/ps7_0_axi_periph/s00_couplers/auto_pc/inst/gen_axilite.gen_b2s_conv.axilite_b2s/RD.ar_channel_0/ar_cmd_fsm_0/FSM_sequential_state_reg[0]_0 |                2 |              5 |
|  ZAES_i/processing_system7_0/inst/FCLK_CLK0 | ZAES_i/AES_Full_0/inst/ap_CS_fsm_state5                                                                                                                    |                                                                                                                                                   |                1 |              5 |
|  ZAES_i/processing_system7_0/inst/FCLK_CLK0 | ZAES_i/AES_Full_0/inst/AES_Full_AES_s_axi_U/aw_hs                                                                                                          |                                                                                                                                                   |                3 |              6 |
|  ZAES_i/processing_system7_0/inst/FCLK_CLK0 | ZAES_i/rst_ps7_0_100M/U0/SEQ/seq_cnt_en                                                                                                                    | ZAES_i/rst_ps7_0_100M/U0/SEQ/SEQ_COUNTER/clear                                                                                                    |                1 |              6 |
|  ZAES_i/processing_system7_0/inst/FCLK_CLK0 | ZAES_i/AES_Full_0/inst/grp_AddRoundKey_fu_474/ap_CS_fsm_reg[16]_1[0]                                                                                       |                                                                                                                                                   |                2 |              6 |
|  ZAES_i/processing_system7_0/inst/FCLK_CLK0 | ZAES_i/AES_Full_0/inst/tmp_71_reg_8600                                                                                                                     |                                                                                                                                                   |                3 |              7 |
|  ZAES_i/processing_system7_0/inst/FCLK_CLK0 | ZAES_i/AES_Full_0/inst/AES_Full_AES_s_axi_U/rdata[31]_i_2_n_4                                                                                              |                                                                                                                                                   |                2 |              8 |
|  ZAES_i/processing_system7_0/inst/FCLK_CLK0 | ZAES_i/ps7_0_axi_periph/s00_couplers/auto_pc/inst/gen_axilite.gen_b2s_conv.axilite_b2s/RD.ar_channel_0/ar_cmd_fsm_0/E[0]                                   |                                                                                                                                                   |                4 |              8 |
|  ZAES_i/processing_system7_0/inst/FCLK_CLK0 | ZAES_i/ps7_0_axi_periph/s00_couplers/auto_pc/inst/gen_axilite.gen_b2s_conv.axilite_b2s/RD.ar_channel_0/ar_cmd_fsm_0/sel_first_reg[0]                       |                                                                                                                                                   |                2 |              8 |
|  ZAES_i/processing_system7_0/inst/FCLK_CLK0 | ZAES_i/AES_Full_0/inst/AES_Full_AES_s_axi_U/int_Nr[7]_i_1_n_4                                                                                              | ZAES_i/AES_Full_0/inst/AES_Full_AES_s_axi_U/SR[0]                                                                                                 |                2 |              8 |
|  ZAES_i/processing_system7_0/inst/FCLK_CLK0 | ZAES_i/ps7_0_axi_periph/s00_couplers/auto_pc/inst/gen_axilite.gen_b2s_conv.axilite_b2s/WR.b_channel_0/mhandshake_r                                         | ZAES_i/ps7_0_axi_periph/s00_couplers/auto_pc/inst/gen_axilite.gen_b2s_conv.axilite_b2s/WR.b_channel_0/bid_fifo_0/SR[0]                            |                2 |              8 |
|  ZAES_i/processing_system7_0/inst/FCLK_CLK0 | ZAES_i/ps7_0_axi_periph/s00_couplers/auto_pc/inst/gen_axilite.gen_b2s_conv.axilite_b2s/WR.aw_channel_0/aw_cmd_fsm_0/E[0]                                   |                                                                                                                                                   |                4 |              8 |
|  ZAES_i/processing_system7_0/inst/FCLK_CLK0 | ZAES_i/ps7_0_axi_periph/s00_couplers/auto_pc/inst/gen_axilite.gen_b2s_conv.axilite_b2s/WR.aw_channel_0/cmd_translator_0/incr_cmd_0/axaddr_incr[11]_i_1_n_0 |                                                                                                                                                   |                2 |              8 |
|  ZAES_i/processing_system7_0/inst/FCLK_CLK0 | ZAES_i/AES_Full_0/inst/AES_Full_AES_s_axi_U/p_26_in                                                                                                        |                                                                                                                                                   |                3 |              9 |
|  ZAES_i/processing_system7_0/inst/FCLK_CLK0 | ZAES_i/AES_Full_0/inst/grp_AddRoundKey_fu_474/E[0]                                                                                                         |                                                                                                                                                   |                2 |              9 |
|  ZAES_i/processing_system7_0/inst/FCLK_CLK0 |                                                                                                                                                            | ZAES_i/ps7_0_axi_periph/s00_couplers/auto_pc/inst/gen_axilite.gen_b2s_conv.axilite_b2s/areset_d1                                                  |                3 |             10 |
|  ZAES_i/processing_system7_0/inst/FCLK_CLK0 | ZAES_i/ps7_0_axi_periph/s00_couplers/auto_pc/inst/gen_axilite.gen_b2s_conv.axilite_b2s/RD.r_channel_0/r_push_r                                             |                                                                                                                                                   |                4 |             13 |
|  ZAES_i/processing_system7_0/inst/FCLK_CLK0 | ZAES_i/ps7_0_axi_periph/s00_couplers/auto_pc/inst/gen_axilite.gen_b2s_conv.axilite_b2s/SI_REG/b.b_pipe/p_1_in                                              |                                                                                                                                                   |                2 |             14 |
|  ZAES_i/processing_system7_0/inst/FCLK_CLK0 | ZAES_i/ps7_0_axi_periph/s00_couplers/auto_pc/inst/gen_axilite.gen_b2s_conv.axilite_b2s/SI_REG/b.b_pipe/s_ready_i_reg_0                                     |                                                                                                                                                   |                3 |             14 |
|  ZAES_i/processing_system7_0/inst/FCLK_CLK0 | ZAES_i/AES_Full_0/inst/grp_AddRoundKey_fu_474/ap_NS_fsm1                                                                                                   |                                                                                                                                                   |                6 |             15 |
|  ZAES_i/processing_system7_0/inst/FCLK_CLK0 | ZAES_i/AES_Full_0/inst/grp_MixColumns_fu_524/ap_CS_fsm_state3                                                                                              |                                                                                                                                                   |                8 |             16 |
|  ZAES_i/processing_system7_0/inst/FCLK_CLK0 | ZAES_i/AES_Full_0/inst/grp_SubBytes_fu_508/ap_CS_fsm_state7                                                                                                |                                                                                                                                                   |                6 |             16 |
|  ZAES_i/processing_system7_0/inst/FCLK_CLK0 | ZAES_i/AES_Full_0/inst/grp_SubBytes_fu_508/p_0_in                                                                                                          |                                                                                                                                                   |                4 |             16 |
|  ZAES_i/processing_system7_0/inst/FCLK_CLK0 | ZAES_i/AES_Full_0/inst/grp_SubBytes_fu_508/ap_CS_fsm_state6                                                                                                |                                                                                                                                                   |                6 |             16 |
|  ZAES_i/processing_system7_0/inst/FCLK_CLK0 | ZAES_i/AES_Full_0/inst/grp_SubBytes_fu_508/ap_CS_fsm_state4                                                                                                |                                                                                                                                                   |                6 |             16 |
|  ZAES_i/processing_system7_0/inst/FCLK_CLK0 | ZAES_i/AES_Full_0/inst/grp_SubBytes_fu_508/reg_3280                                                                                                        |                                                                                                                                                   |                5 |             16 |
|  ZAES_i/processing_system7_0/inst/FCLK_CLK0 | ZAES_i/AES_Full_0/inst/ap_CS_fsm_state10                                                                                                                   |                                                                                                                                                   |                5 |             16 |
|  ZAES_i/processing_system7_0/inst/FCLK_CLK0 | ZAES_i/AES_Full_0/inst/grp_InvSubBytes_fu_540/ap_CS_fsm_state4                                                                                             |                                                                                                                                                   |                3 |             16 |
|  ZAES_i/processing_system7_0/inst/FCLK_CLK0 | ZAES_i/AES_Full_0/inst/ap_CS_fsm_state33                                                                                                                   |                                                                                                                                                   |                4 |             16 |
|  ZAES_i/processing_system7_0/inst/FCLK_CLK0 | ZAES_i/AES_Full_0/inst/ap_CS_fsm_state34                                                                                                                   |                                                                                                                                                   |                6 |             16 |
|  ZAES_i/processing_system7_0/inst/FCLK_CLK0 | ZAES_i/AES_Full_0/inst/ap_CS_fsm_state35                                                                                                                   |                                                                                                                                                   |                6 |             16 |
|  ZAES_i/processing_system7_0/inst/FCLK_CLK0 | ZAES_i/AES_Full_0/inst/ap_CS_fsm_state8                                                                                                                    |                                                                                                                                                   |                3 |             16 |
|  ZAES_i/processing_system7_0/inst/FCLK_CLK0 | ZAES_i/AES_Full_0/inst/ap_CS_fsm_state7                                                                                                                    |                                                                                                                                                   |                5 |             16 |
|  ZAES_i/processing_system7_0/inst/FCLK_CLK0 | ZAES_i/AES_Full_0/inst/ap_CS_fsm_state9                                                                                                                    |                                                                                                                                                   |                5 |             16 |
|  ZAES_i/processing_system7_0/inst/FCLK_CLK0 | ZAES_i/AES_Full_0/inst/grp_InvMixColumns_fu_556/ap_CS_fsm_state15                                                                                          |                                                                                                                                                   |                9 |             16 |
|  ZAES_i/processing_system7_0/inst/FCLK_CLK0 | ZAES_i/AES_Full_0/inst/grp_InvMixColumns_fu_556/reg_7760                                                                                                   |                                                                                                                                                   |                3 |             16 |
|  ZAES_i/processing_system7_0/inst/FCLK_CLK0 | ZAES_i/AES_Full_0/inst/ap_CS_fsm_state32                                                                                                                   |                                                                                                                                                   |                7 |             16 |
|  ZAES_i/processing_system7_0/inst/FCLK_CLK0 | ZAES_i/AES_Full_0/inst/grp_InvMixColumns_fu_556/reg_7840                                                                                                   |                                                                                                                                                   |                7 |             16 |
|  ZAES_i/processing_system7_0/inst/FCLK_CLK0 | ZAES_i/AES_Full_0/inst/reg_588                                                                                                                             |                                                                                                                                                   |                7 |             16 |
|  ZAES_i/processing_system7_0/inst/FCLK_CLK0 | ZAES_i/AES_Full_0/inst/reg_600                                                                                                                             |                                                                                                                                                   |                7 |             16 |
|  ZAES_i/processing_system7_0/inst/FCLK_CLK0 | ZAES_i/AES_Full_0/inst/grp_InvMixColumns_fu_556/ap_CS_fsm_state11                                                                                          |                                                                                                                                                   |                5 |             16 |
|  ZAES_i/processing_system7_0/inst/FCLK_CLK0 | ZAES_i/AES_Full_0/inst/grp_InvMixColumns_fu_556/ap_CS_fsm_state7                                                                                           |                                                                                                                                                   |                6 |             16 |
|  ZAES_i/processing_system7_0/inst/FCLK_CLK0 | ZAES_i/AES_Full_0/inst/grp_InvMixColumns_fu_556/ap_CS_fsm_state13                                                                                          |                                                                                                                                                   |                5 |             16 |
|  ZAES_i/processing_system7_0/inst/FCLK_CLK0 | ZAES_i/AES_Full_0/inst/grp_InvMixColumns_fu_556/ap_CS_fsm_state5                                                                                           |                                                                                                                                                   |                3 |             16 |
|  ZAES_i/processing_system7_0/inst/FCLK_CLK0 | ZAES_i/AES_Full_0/inst/grp_InvMixColumns_fu_556/ap_CS_fsm_state6                                                                                           |                                                                                                                                                   |                4 |             16 |
|  ZAES_i/processing_system7_0/inst/FCLK_CLK0 | ZAES_i/AES_Full_0/inst/grp_InvMixColumns_fu_556/ap_CS_fsm_state9                                                                                           |                                                                                                                                                   |                3 |             16 |
|  ZAES_i/processing_system7_0/inst/FCLK_CLK0 | ZAES_i/AES_Full_0/inst/grp_InvMixColumns_fu_556/ap_CS_fsm_state4                                                                                           |                                                                                                                                                   |                3 |             16 |
|  ZAES_i/processing_system7_0/inst/FCLK_CLK0 | ZAES_i/AES_Full_0/inst/grp_InvSubBytes_fu_540/ap_CS_fsm_state5                                                                                             |                                                                                                                                                   |                7 |             16 |
|  ZAES_i/processing_system7_0/inst/FCLK_CLK0 | ZAES_i/AES_Full_0/inst/grp_InvSubBytes_fu_540/ap_CS_fsm_state7                                                                                             |                                                                                                                                                   |                7 |             16 |
|  ZAES_i/processing_system7_0/inst/FCLK_CLK0 | ZAES_i/AES_Full_0/inst/grp_InvSubBytes_fu_540/ap_CS_fsm_state6                                                                                             |                                                                                                                                                   |                4 |             16 |
|  ZAES_i/processing_system7_0/inst/FCLK_CLK0 | ZAES_i/AES_Full_0/inst/grp_InvSubBytes_fu_540/p_0_in                                                                                                       |                                                                                                                                                   |                3 |             16 |
|  ZAES_i/processing_system7_0/inst/FCLK_CLK0 | ZAES_i/AES_Full_0/inst/grp_InvSubBytes_fu_540/reg_3280                                                                                                     |                                                                                                                                                   |                4 |             16 |
|  ZAES_i/processing_system7_0/inst/FCLK_CLK0 | ZAES_i/AES_Full_0/inst/grp_MixColumns_fu_524/ap_CS_fsm_state11                                                                                             |                                                                                                                                                   |               10 |             16 |
|  ZAES_i/processing_system7_0/inst/FCLK_CLK0 | ZAES_i/AES_Full_0/inst/grp_MixColumns_fu_524/ap_CS_fsm_state13                                                                                             |                                                                                                                                                   |                9 |             16 |
|  ZAES_i/processing_system7_0/inst/FCLK_CLK0 | ZAES_i/ps7_0_axi_periph/s00_couplers/auto_pc/inst/gen_axilite.gen_b2s_conv.axilite_b2s/WR.aw_channel_0/aw_cmd_fsm_0/b_push                                 |                                                                                                                                                   |                3 |             16 |
|  ZAES_i/processing_system7_0/inst/FCLK_CLK0 | ZAES_i/AES_Full_0/inst/grp_MixColumns_fu_524/ap_CS_fsm_state7                                                                                              |                                                                                                                                                   |                7 |             16 |
|  ZAES_i/processing_system7_0/inst/FCLK_CLK0 | ZAES_i/AES_Full_0/inst/grp_SubBytes_fu_508/ap_CS_fsm_state5                                                                                                |                                                                                                                                                   |                3 |             16 |
|  ZAES_i/processing_system7_0/inst/FCLK_CLK0 | ZAES_i/AES_Full_0/inst/grp_MixColumns_fu_524/ap_CS_fsm_state5                                                                                              |                                                                                                                                                   |                5 |             16 |
|  ZAES_i/processing_system7_0/inst/FCLK_CLK0 | ZAES_i/AES_Full_0/inst/grp_MixColumns_fu_524/ap_CS_fsm_state8                                                                                              |                                                                                                                                                   |                5 |             16 |
|  ZAES_i/processing_system7_0/inst/FCLK_CLK0 | ZAES_i/AES_Full_0/inst/grp_MixColumns_fu_524/ap_CS_fsm_state6                                                                                              |                                                                                                                                                   |                3 |             16 |
|  ZAES_i/processing_system7_0/inst/FCLK_CLK0 | ZAES_i/AES_Full_0/inst/grp_MixColumns_fu_524/p_0_in                                                                                                        |                                                                                                                                                   |                5 |             16 |
|  ZAES_i/processing_system7_0/inst/FCLK_CLK0 | ZAES_i/AES_Full_0/inst/grp_MixColumns_fu_524/ap_CS_fsm_state9                                                                                              |                                                                                                                                                   |               10 |             16 |
|  ZAES_i/processing_system7_0/inst/FCLK_CLK0 | ZAES_i/AES_Full_0/inst/grp_MixColumns_fu_524/ap_CS_fsm_state15                                                                                             |                                                                                                                                                   |               10 |             16 |
|  ZAES_i/processing_system7_0/inst/FCLK_CLK0 | ZAES_i/AES_Full_0/inst/grp_MixColumns_fu_524/ap_CS_fsm_state4                                                                                              |                                                                                                                                                   |                3 |             16 |
|  ZAES_i/processing_system7_0/inst/FCLK_CLK0 | ZAES_i/ps7_0_axi_periph/s00_couplers/auto_pc/inst/gen_axilite.gen_b2s_conv.axilite_b2s/RD.ar_channel_0/ar_cmd_fsm_0/m_valid_i_reg                          |                                                                                                                                                   |                6 |             17 |
|  ZAES_i/processing_system7_0/inst/FCLK_CLK0 | ZAES_i/ps7_0_axi_periph/s00_couplers/auto_pc/inst/gen_axilite.gen_b2s_conv.axilite_b2s/WR.aw_channel_0/aw_cmd_fsm_0/m_axi_awready_1                        |                                                                                                                                                   |                9 |             21 |
|  ZAES_i/processing_system7_0/inst/FCLK_CLK0 | ZAES_i/AES_Full_0/inst/AES_Full_AES_s_axi_U/rdata[31]_i_2_n_4                                                                                              | ZAES_i/AES_Full_0/inst/AES_Full_AES_s_axi_U/rdata[31]_i_1_n_4                                                                                     |                7 |             24 |
|  ZAES_i/processing_system7_0/inst/FCLK_CLK0 | ZAES_i/ps7_0_axi_periph/s00_couplers/auto_pc/inst/gen_axilite.gen_b2s_conv.axilite_b2s/SI_REG/ar.ar_pipe/s_ready_i_reg_0                                   |                                                                                                                                                   |                8 |             28 |
|  ZAES_i/processing_system7_0/inst/FCLK_CLK0 | ZAES_i/ps7_0_axi_periph/s00_couplers/auto_pc/inst/gen_axilite.gen_b2s_conv.axilite_b2s/SI_REG/aw.aw_pipe/s_ready_i_reg_0                                   |                                                                                                                                                   |                5 |             28 |
|  ZAES_i/processing_system7_0/inst/FCLK_CLK0 | ZAES_i/ps7_0_axi_periph/s00_couplers/auto_pc/inst/gen_axilite.gen_b2s_conv.axilite_b2s/RD.ar_channel_0/ar_cmd_fsm_0/FSM_sequential_state_reg[1]_0[0]       |                                                                                                                                                   |                6 |             28 |
|  ZAES_i/processing_system7_0/inst/FCLK_CLK0 | ZAES_i/ps7_0_axi_periph/s00_couplers/auto_pc/inst/gen_axilite.gen_b2s_conv.axilite_b2s/WR.aw_channel_0/aw_cmd_fsm_0/m_valid_i_reg[0]                       |                                                                                                                                                   |                5 |             28 |
|  ZAES_i/processing_system7_0/inst/FCLK_CLK0 | ZAES_i/AES_Full_0/inst/rdata_reg[31]_i_8_n_4                                                                                                               |                                                                                                                                                   |                7 |             32 |
|  ZAES_i/processing_system7_0/inst/FCLK_CLK0 | ZAES_i/AES_Full_0/inst/rdata_reg[31]_i_4_n_4                                                                                                               |                                                                                                                                                   |                8 |             32 |
|  ZAES_i/processing_system7_0/inst/FCLK_CLK0 | ZAES_i/ps7_0_axi_periph/s00_couplers/auto_pc/inst/gen_axilite.gen_b2s_conv.axilite_b2s/RD.r_channel_0/rd_data_fifo_0/wr_en0                                |                                                                                                                                                   |                8 |             32 |
|  ZAES_i/processing_system7_0/inst/FCLK_CLK0 | ZAES_i/AES_Full_0/inst/ram_reg_i_238_n_4                                                                                                                   |                                                                                                                                                   |                8 |             32 |
|  ZAES_i/processing_system7_0/inst/FCLK_CLK0 | ZAES_i/ps7_0_axi_periph/s00_couplers/auto_pc/inst/gen_axilite.gen_b2s_conv.axilite_b2s/SI_REG/r.r_pipe/p_1_in                                              |                                                                                                                                                   |                9 |             45 |
|  ZAES_i/processing_system7_0/inst/FCLK_CLK0 | ZAES_i/ps7_0_axi_periph/s00_couplers/auto_pc/inst/gen_axilite.gen_b2s_conv.axilite_b2s/SI_REG/r.r_pipe/s_ready_i_reg_0                                     |                                                                                                                                                   |               10 |             45 |
|  ZAES_i/processing_system7_0/inst/FCLK_CLK0 |                                                                                                                                                            |                                                                                                                                                   |               39 |            116 |
|  ZAES_i/processing_system7_0/inst/FCLK_CLK0 |                                                                                                                                                            | ZAES_i/AES_Full_0/inst/AES_Full_AES_s_axi_U/SR[0]                                                                                                 |               53 |            153 |
+---------------------------------------------+------------------------------------------------------------------------------------------------------------------------------------------------------------+---------------------------------------------------------------------------------------------------------------------------------------------------+------------------+----------------+


